<?xml version="1.0" encoding="UTF-8"?>
<testsuite xmlns:xsi="http://www.w3.org/2001/XMLSchema-instance" xsi:noNamespaceSchemaLocation="https://maven.apache.org/surefire/maven-surefire-plugin/xsd/surefire-test-report-3.0.xsd" version="3.0" name="com.badmintion.authservice.integration.AuthFlowIntegrationTest" time="9.232" tests="5" errors="0" skipped="0" failures="0">
  <properties>
[...]
</properties>
  <testcase name="googleRegisterShouldCreateUserAndReturnTokens" classname="com.badmintion.authservice.integration.AuthFlowIntegrationTest" time="0.43">
    <system-out><![CDATA[22:15:47.587 [main] INFO org.springframework.test.context.support.AnnotationConfigContextLoaderUtils -- Could not detect default configuration classes for test class [com.badmintion.authservice.integration.AuthFlowIntegrationTest]: AuthFlowIntegrationTest does not declare any static, non-private, non-final, nested classes annotated with @Configuration.
22:15:47.719 [main] INFO org.springframework.boot.test.context.SpringBootTestContextBootstrapper -- Found @SpringBootConfiguration com.badmintion.authservice.AuthServiceApplication for test class com.badmintion.authservice.integration.AuthFlowIntegrationTest

  .   ____          _            __ _ _
 /\\ / ___'_ __ _ _(_)_ __  __ _ \ \ \ \
( ( )\___ | '_ | '_| | '_ \/ _` | \ \ \ \
 \\/  ___)| |_)| | | | | || (_| |  ) ) ) )
  '  |____| .__|_| |_|_| |_\__, | / / / /
 =========|_|==============|___/=/_/_/_/

 :: Spring Boot ::                (v3.3.5)

2026-03-25T22:15:48.277+07:00  INFO 13584 --- [auth-service] [           main] c.b.a.i.AuthFlowIntegrationTest          : Starting AuthFlowIntegrationTest using Java 17.0.3 with PID 13584 (started by Admin in D:\workspacee\badmintion_app\auth-service)
2026-03-25T22:15:48.278+07:00 DEBUG 13584 --- [auth-service] [           main] c.b.a.i.AuthFlowIntegrationTest          : Running with Spring Boot v3.3.5, Spring v6.1.14
2026-03-25T22:15:48.279+07:00  INFO 13584 --- [auth-service] [           main] c.b.a.i.AuthFlowIntegrationTest          : The following 1 profile is active: "test"
2026-03-25T22:15:49.173+07:00  INFO 13584 --- [auth-service] [           main] .s.d.r.c.RepositoryConfigurationDelegate : Bootstrapping Spring Data JPA repositories in DEFAULT mode.
2026-03-25T22:15:49.320+07:00  INFO 13584 --- [auth-service] [           main] .s.d.r.c.RepositoryConfigurationDelegate : Finished Spring Data repository scanning in 139 ms. Found 2 JPA repository interfaces.
2026-03-25T22:15:49.554+07:00  INFO 13584 --- [auth-service] [           main] o.s.cloud.context.scope.GenericScope     : BeanFactory id=89f6734e-2bde-3b5c-939a-422a710b2f07
2026-03-25T22:15:50.994+07:00  WARN 13584 --- [auth-service] [           main] trationDelegate$BeanPostProcessorChecker : Bean 'org.springframework.cloud.client.loadbalancer.LoadBalancerAutoConfiguration$DeferringLoadBalancerInterceptorConfig' of type [org.springframework.cloud.client.loadbalancer.LoadBalancerAutoConfiguration$DeferringLoadBalancerInterceptorConfig] is not eligible for getting processed by all BeanPostProcessors (for example: not eligible for auto-proxying). The currently created BeanPostProcessor [lbRestClientPostProcessor] is declared through a non-static factory method on that class; consider declaring it as static instead.
2026-03-25T22:15:50.998+07:00  WARN 13584 --- [auth-service] [           main] trationDelegate$BeanPostProcessorChecker : Bean 'deferringLoadBalancerInterceptor' of type [org.springframework.cloud.client.loadbalancer.DeferringLoadBalancerInterceptor] is not eligible for getting processed by all BeanPostProcessors (for example: not eligible for auto-proxying). Is this bean getting eagerly injected/applied to a currently created BeanPostProcessor [lbRestClientPostProcessor]? Check the corresponding BeanPostProcessor declaration and its dependencies/advisors. If this bean does not have to be post-processed, declare it with ROLE_INFRASTRUCTURE.
2026-03-25T22:15:51.343+07:00  INFO 13584 --- [auth-service] [           main] o.hibernate.jpa.internal.util.LogHelper  : HHH000204: Processing PersistenceUnitInfo [name: default]
2026-03-25T22:15:51.397+07:00  INFO 13584 --- [auth-service] [           main] org.hibernate.Version                    : HHH000412: Hibernate ORM core version 6.5.3.Final
2026-03-25T22:15:51.467+07:00  INFO 13584 --- [auth-service] [           main] o.h.c.internal.RegionFactoryInitiator    : HHH000026: Second-level cache disabled
2026-03-25T22:15:51.653+07:00  INFO 13584 --- [auth-service] [           main] o.s.o.j.p.SpringPersistenceUnitInfo      : No LoadTimeWeaver setup: ignoring JPA class transformer
2026-03-25T22:15:51.675+07:00  INFO 13584 --- [auth-service] [           main] com.zaxxer.hikari.HikariDataSource       : HikariPool-1 - Starting...
2026-03-25T22:15:51.834+07:00  INFO 13584 --- [auth-service] [           main] com.zaxxer.hikari.pool.HikariPool        : HikariPool-1 - Added connection conn0: url=jdbc:h2:mem:auth_test user=SA
2026-03-25T22:15:51.838+07:00  INFO 13584 --- [auth-service] [           main] com.zaxxer.hikari.HikariDataSource       : HikariPool-1 - Start completed.
2026-03-25T22:15:52.956+07:00  INFO 13584 --- [auth-service] [           main] o.h.e.t.j.p.i.JtaPlatformInitiator       : HHH000489: No JTA platform available (set 'hibernate.transaction.jta.platform' to enable JTA platform integration)
2026-03-25T22:15:52.996+07:00  INFO 13584 --- [auth-service] [           main] j.LocalContainerEntityManagerFactoryBean : Initialized JPA EntityManagerFactory for persistence unit 'default'
2026-03-25T22:15:53.788+07:00  INFO 13584 --- [auth-service] [           main] eAuthenticationProviderManagerConfigurer : Global AuthenticationManager configured with AuthenticationProvider bean with name authenticationProvider
2026-03-25T22:15:53.789+07:00  WARN 13584 --- [auth-service] [           main] r$InitializeUserDetailsManagerConfigurer : Global AuthenticationManager configured with an AuthenticationProvider bean. UserDetailsService beans will not be used for username/password login. Consider removing the AuthenticationProvider bean. Alternatively, consider using the UserDetailsService in a manually instantiated DaoAuthenticationProvider.
2026-03-25T22:15:53.894+07:00  WARN 13584 --- [auth-service] [           main] JpaBaseConfiguration$JpaWebConfiguration : spring.jpa.open-in-view is enabled by default. Therefore, database queries may be performed during view rendering. Explicitly configure spring.jpa.open-in-view to disable this warning
2026-03-25T22:15:55.420+07:00 DEBUG 13584 --- [auth-service] [           main] c.b.a.security.JwtAuthenticationFilter   : Filter 'jwtAuthenticationFilter' configured for use
2026-03-25T22:15:55.421+07:00  INFO 13584 --- [auth-service] [           main] o.s.b.t.m.w.SpringBootMockServletContext : Initializing Spring TestDispatcherServlet ''
2026-03-25T22:15:55.422+07:00  INFO 13584 --- [auth-service] [           main] o.s.t.web.servlet.TestDispatcherServlet  : Initializing Servlet ''
2026-03-25T22:15:55.423+07:00  INFO 13584 --- [auth-service] [           main] o.s.t.web.servlet.TestDispatcherServlet  : Completed initialization in 1 ms
2026-03-25T22:15:55.557+07:00  INFO 13584 --- [auth-service] [           main] DiscoveryClientOptionalArgsConfiguration : Eureka HTTP Client uses RestTemplate.
2026-03-25T22:15:55.599+07:00  WARN 13584 --- [auth-service] [           main] iguration$LoadBalancerCaffeineWarnLogger : Spring Cloud LoadBalancer is currently working with the default cache. While this cache implementation is useful for development and tests, it's recommended to use Caffeine cache in production.You can switch to using Caffeine cache, by adding it and org.springframework.cache.caffeine.CaffeineCacheManager to the classpath.
2026-03-25T22:15:55.615+07:00  INFO 13584 --- [auth-service] [           main] c.b.a.i.AuthFlowIntegrationTest          : Started AuthFlowIntegrationTest in 7.757 seconds (process running for 8.703)
2026-03-25T22:15:55.792+07:00  INFO 13584 --- [auth-service] [           main] c.b.a.controller.AuthController          : Received Google register request with rememberMe=true, tokenPrefix=google-id-to...
2026-03-25T22:15:55.801+07:00  INFO 13584 --- [auth-service] [           main] c.b.authservice.service.AuthService      : Google register attempt with rememberMe=true
2026-03-25T22:15:55.993+07:00  INFO 13584 --- [auth-service] [           main] c.b.authservice.service.AuthService      : Google register success for email=google_register@example.com, username=googleregister, role=USER, subPrefix=google-s...
2026-03-25T22:15:56.013+07:00  INFO 13584 --- [auth-service] [           main] c.b.authservice.service.AuthService      : Refresh token persisted for username=googleregister, expiresAt=2026-03-25T16:15:55.686Z
2026-03-25T22:15:56.014+07:00  INFO 13584 --- [auth-service] [           main] c.b.authservice.service.AuthService      : google-register success with remember-me for username=googleregister, refreshTokenPrefix=google-regis...
2026-03-25T22:15:56.017+07:00  INFO 13584 --- [auth-service] [           main] c.b.a.controller.AuthController          : Google register completed with role=USER
]]></system-out>
  </testcase>
  <testcase name="googleLoginShouldAuthenticateExistingUserAndReturnAccessToken" classname="com.badmintion.authservice.integration.AuthFlowIntegrationTest" time="0.094">
    <system-out><![CDATA[2026-03-25T22:15:56.092+07:00  INFO 13584 --- [auth-service] [           main] c.b.a.controller.AuthController          : Received register request for username=google_login_user, email=google_login@example.com
2026-03-25T22:15:56.092+07:00  INFO 13584 --- [auth-service] [           main] c.b.authservice.service.AuthService      : Register attempt for username=google_login_user, email=google_login@example.com
2026-03-25T22:15:56.153+07:00  INFO 13584 --- [auth-service] [           main] c.b.authservice.service.AuthService      : Register success for username=google_login_user, role=USER
2026-03-25T22:15:56.154+07:00  INFO 13584 --- [auth-service] [           main] c.b.a.controller.AuthController          : Register completed for username=google_login_user
2026-03-25T22:15:56.157+07:00  INFO 13584 --- [auth-service] [           main] c.b.a.controller.AuthController          : Received Google login request with rememberMe=false, tokenPrefix=google-id-to...
2026-03-25T22:15:56.157+07:00  INFO 13584 --- [auth-service] [           main] c.b.authservice.service.AuthService      : Google login attempt with rememberMe=false
2026-03-25T22:15:56.162+07:00  INFO 13584 --- [auth-service] [           main] c.b.authservice.service.AuthService      : Google login success for email=google_login@example.com, username=google_login_user, role=USER, subPrefix=google-s...
2026-03-25T22:15:56.162+07:00  INFO 13584 --- [auth-service] [           main] c.b.authservice.service.AuthService      : google-login success without remember-me for username=google_login_user
2026-03-25T22:15:56.162+07:00  INFO 13584 --- [auth-service] [           main] c.b.a.controller.AuthController          : Google login completed with role=USER
]]></system-out>
  </testcase>
  <testcase name="loginWithoutRememberMeShouldReturnOnlyAccessToken" classname="com.badmintion.authservice.integration.AuthFlowIntegrationTest" time="0.198">
    <system-out><![CDATA[2026-03-25T22:15:56.169+07:00  INFO 13584 --- [auth-service] [           main] c.b.a.controller.AuthController          : Received register request for username=tester_no_remember, email=tester_no_remember@example.com
2026-03-25T22:15:56.169+07:00  INFO 13584 --- [auth-service] [           main] c.b.authservice.service.AuthService      : Register attempt for username=tester_no_remember, email=tester_no_remember@example.com
2026-03-25T22:15:56.231+07:00  INFO 13584 --- [auth-service] [           main] c.b.authservice.service.AuthService      : Register success for username=tester_no_remember, role=USER
2026-03-25T22:15:56.231+07:00  INFO 13584 --- [auth-service] [           main] c.b.a.controller.AuthController          : Register completed for username=tester_no_remember
2026-03-25T22:15:56.236+07:00  INFO 13584 --- [auth-service] [           main] c.b.a.controller.AuthController          : Received login request for username=tester_no_remember, rememberMe=false
2026-03-25T22:15:56.236+07:00  INFO 13584 --- [auth-service] [           main] c.b.authservice.service.AuthService      : Login attempt for username=tester_no_remember, rememberMe=false
2026-03-25T22:15:56.360+07:00  INFO 13584 --- [auth-service] [           main] c.b.authservice.service.AuthService      : password-login success without remember-me for username=tester_no_remember
2026-03-25T22:15:56.361+07:00  INFO 13584 --- [auth-service] [           main] c.b.a.controller.AuthController          : Login completed for username=tester_no_remember, role=USER
]]></system-out>
  </testcase>
  <testcase name="loginRememberMeRefreshAndLogoutFlowShouldWork" classname="com.badmintion.authservice.integration.AuthFlowIntegrationTest" time="0.217">
    <system-out><![CDATA[2026-03-25T22:15:56.370+07:00  INFO 13584 --- [auth-service] [           main] c.b.a.controller.AuthController          : Received register request for username=tester_login, email=tester_login@example.com
2026-03-25T22:15:56.370+07:00  INFO 13584 --- [auth-service] [           main] c.b.authservice.service.AuthService      : Register attempt for username=tester_login, email=tester_login@example.com
2026-03-25T22:15:56.434+07:00  INFO 13584 --- [auth-service] [           main] c.b.authservice.service.AuthService      : Register success for username=tester_login, role=USER
2026-03-25T22:15:56.434+07:00  INFO 13584 --- [auth-service] [           main] c.b.a.controller.AuthController          : Register completed for username=tester_login
2026-03-25T22:15:56.436+07:00  INFO 13584 --- [auth-service] [           main] c.b.a.controller.AuthController          : Received login request for username=tester_login, rememberMe=true
2026-03-25T22:15:56.436+07:00  INFO 13584 --- [auth-service] [           main] c.b.authservice.service.AuthService      : Login attempt for username=tester_login, rememberMe=true
2026-03-25T22:15:56.499+07:00  INFO 13584 --- [auth-service] [           main] c.b.authservice.service.AuthService      : Refresh token persisted for username=tester_login, expiresAt=2026-03-25T16:15:56.368Z
2026-03-25T22:15:56.499+07:00  INFO 13584 --- [auth-service] [           main] c.b.authservice.service.AuthService      : password-login success with remember-me for username=tester_login, refreshTokenPrefix=refresh-toke...
2026-03-25T22:15:56.499+07:00  INFO 13584 --- [auth-service] [           main] c.b.a.controller.AuthController          : Login completed for username=tester_login, role=USER
2026-03-25T22:15:56.545+07:00  INFO 13584 --- [auth-service] [           main] c.b.a.controller.AuthController          : Received refresh request with tokenPrefix=refresh-toke...
2026-03-25T22:15:56.547+07:00  INFO 13584 --- [auth-service] [           main] c.b.authservice.service.AuthService      : Refresh attempt with tokenPrefix=refresh-toke...
2026-03-25T22:15:56.559+07:00  INFO 13584 --- [auth-service] [           main] c.b.authservice.service.AuthService      : Refresh success for username=tester_login, role=USER
2026-03-25T22:15:56.560+07:00  INFO 13584 --- [auth-service] [           main] c.b.a.controller.AuthController          : Refresh completed for role=USER
2026-03-25T22:15:56.562+07:00  INFO 13584 --- [auth-service] [           main] c.b.a.controller.AuthController          : Received logout request with tokenPrefix=refresh-toke...
2026-03-25T22:15:56.562+07:00  INFO 13584 --- [auth-service] [           main] c.b.authservice.service.AuthService      : Logout attempt with tokenPrefix=refresh-toke...
2026-03-25T22:15:56.566+07:00  INFO 13584 --- [auth-service] [           main] c.b.authservice.service.AuthService      : Logout success for username=tester_login, token revoked
2026-03-25T22:15:56.574+07:00  INFO 13584 --- [auth-service] [           main] c.b.a.controller.AuthController          : Logout completed for tokenPrefix=refresh-toke...
2026-03-25T22:15:56.576+07:00  INFO 13584 --- [auth-service] [           main] c.b.a.controller.AuthController          : Received refresh request with tokenPrefix=refresh-toke...
2026-03-25T22:15:56.576+07:00  INFO 13584 --- [auth-service] [           main] c.b.authservice.service.AuthService      : Refresh attempt with tokenPrefix=refresh-toke...
]]></system-out>
  </testcase>
  <testcase name="registerShouldCreateUser" classname="com.badmintion.authservice.integration.AuthFlowIntegrationTest" time="0.067">
    <system-out><![CDATA[2026-03-25T22:15:56.586+07:00  INFO 13584 --- [auth-service] [           main] c.b.a.controller.AuthController          : Received register request for username=tester_register, email=tester_register@example.com
2026-03-25T22:15:56.586+07:00  INFO 13584 --- [auth-service] [           main] c.b.authservice.service.AuthService      : Register attempt for username=tester_register, email=tester_register@example.com
2026-03-25T22:15:56.648+07:00  INFO 13584 --- [auth-service] [           main] c.b.authservice.service.AuthService      : Register success for username=tester_register, role=USER
2026-03-25T22:15:56.649+07:00  INFO 13584 --- [auth-service] [           main] c.b.a.controller.AuthController          : Register completed for username=tester_register
]]></system-out>
  </testcase>
</testsuite>